# Logfile created on 2014-03-16 08:27:36 -0700 by logger.rb/44203
I, [2014-03-16T08:27:36.359542 #51969]  INFO -- : 0:  rake (10.1.1) from /usr/local/rvm/gems/ruby-2.1.0@railsgirls/specifications/rake-10.1.1.gemspec
I, [2014-03-16T08:27:36.360412 #51969]  INFO -- : 0:  i18n (0.6.9) from /usr/local/rvm/gems/ruby-2.1.0@railsgirls/specifications/i18n-0.6.9.gemspec
I, [2014-03-16T08:27:36.360722 #51969]  INFO -- : 0:  minitest (4.7.5) from /usr/local/rvm/rubies/ruby-2.1.0/lib/ruby/gems/2.1.0/specifications/default/minitest-4.7.5.gemspec
I, [2014-03-16T08:27:36.360938 #51969]  INFO -- : 0:  multi_json (1.9.0) from /usr/local/rvm/gems/ruby-2.1.0@railsgirls/specifications/multi_json-1.9.0.gemspec
I, [2014-03-16T08:27:36.361110 #51969]  INFO -- : 0:  atomic (1.1.15) from /usr/local/rvm/gems/ruby-2.1.0@railsgirls/specifications/atomic-1.1.15.gemspec
I, [2014-03-16T08:27:36.361279 #51969]  INFO -- : 0:  thread_safe (0.2.0) from /usr/local/rvm/gems/ruby-2.1.0@railsgirls/specifications/thread_safe-0.2.0.gemspec
I, [2014-03-16T08:27:36.361455 #51969]  INFO -- : 0:  tzinfo (0.3.39) from /usr/local/rvm/gems/ruby-2.1.0@railsgirls/specifications/tzinfo-0.3.39.gemspec
I, [2014-03-16T08:27:36.361624 #51969]  INFO -- : 0:  activesupport (4.0.4) from /usr/local/rvm/gems/ruby-2.1.0@railsgirls/specifications/activesupport-4.0.4.gemspec
I, [2014-03-16T08:27:36.361789 #51969]  INFO -- : 0:  builder (3.1.4) from /usr/local/rvm/gems/ruby-2.1.0@railsgirls/specifications/builder-3.1.4.gemspec
I, [2014-03-16T08:27:36.361956 #51969]  INFO -- : 0:  erubis (2.7.0) from /usr/local/rvm/gems/ruby-2.1.0@railsgirls/specifications/erubis-2.7.0.gemspec
I, [2014-03-16T08:27:36.362214 #51969]  INFO -- : 0:  rack (1.5.2) from /usr/local/rvm/gems/ruby-2.1.0@railsgirls/specifications/rack-1.5.2.gemspec
I, [2014-03-16T08:27:36.362488 #51969]  INFO -- : 0:  rack-test (0.6.2) from /usr/local/rvm/gems/ruby-2.1.0@railsgirls/specifications/rack-test-0.6.2.gemspec
I, [2014-03-16T08:27:36.362681 #51969]  INFO -- : 0:  actionpack (4.0.4) from /usr/local/rvm/gems/ruby-2.1.0@railsgirls/specifications/actionpack-4.0.4.gemspec
I, [2014-03-16T08:27:36.362876 #51969]  INFO -- : 0:  mime-types (1.25.1) from /usr/local/rvm/gems/ruby-2.1.0@railsgirls/specifications/mime-types-1.25.1.gemspec
I, [2014-03-16T08:27:36.363094 #51969]  INFO -- : 0:  polyglot (0.3.4) from /usr/local/rvm/gems/ruby-2.1.0@railsgirls/specifications/polyglot-0.3.4.gemspec
I, [2014-03-16T08:27:36.363380 #51969]  INFO -- : 0:  treetop (1.4.15) from /usr/local/rvm/gems/ruby-2.1.0@railsgirls/specifications/treetop-1.4.15.gemspec
I, [2014-03-16T08:27:36.363659 #51969]  INFO -- : 0:  mail (2.5.4) from /usr/local/rvm/gems/ruby-2.1.0@railsgirls/specifications/mail-2.5.4.gemspec
I, [2014-03-16T08:27:36.363959 #51969]  INFO -- : 0:  actionmailer (4.0.4) from /usr/local/rvm/gems/ruby-2.1.0@railsgirls/specifications/actionmailer-4.0.4.gemspec
I, [2014-03-16T08:27:36.364182 #51969]  INFO -- : 0:  activemodel (4.0.4) from /usr/local/rvm/gems/ruby-2.1.0@railsgirls/specifications/activemodel-4.0.4.gemspec
I, [2014-03-16T08:27:36.364445 #51969]  INFO -- : 0:  activerecord-deprecated_finders (1.0.3) from /usr/local/rvm/gems/ruby-2.1.0@railsgirls/specifications/activerecord-deprecated_finders-1.0.3.gemspec
I, [2014-03-16T08:27:36.364621 #51969]  INFO -- : 0:  arel (4.0.2) from /usr/local/rvm/gems/ruby-2.1.0@railsgirls/specifications/arel-4.0.2.gemspec
I, [2014-03-16T08:27:36.364793 #51969]  INFO -- : 0:  activerecord (4.0.4) from /usr/local/rvm/gems/ruby-2.1.0@railsgirls/specifications/activerecord-4.0.4.gemspec
I, [2014-03-16T08:27:36.364955 #51969]  INFO -- : 0:  bundler (1.5.1) from /usr/local/rvm/gems/ruby-2.1.0@global/specifications/bundler-1.5.1.gemspec
I, [2014-03-16T08:27:37.609350 #51969]  INFO -- : 0:  coffee-script-source (1.7.0) from /usr/local/rvm/gems/ruby-2.1.0@railsgirls/specifications/coffee-script-source-1.7.0.gemspec
I, [2014-03-16T08:27:38.286804 #51969]  INFO -- : 0:  execjs (2.0.2) from /usr/local/rvm/gems/ruby-2.1.0@railsgirls/specifications/execjs-2.0.2.gemspec
I, [2014-03-16T08:27:39.148836 #51969]  INFO -- : 0:  coffee-script (2.2.0) from /usr/local/rvm/gems/ruby-2.1.0@railsgirls/specifications/coffee-script-2.2.0.gemspec
I, [2014-03-16T08:27:39.149112 #51969]  INFO -- : 0:  thor (0.18.1) from /usr/local/rvm/gems/ruby-2.1.0@railsgirls/specifications/thor-0.18.1.gemspec
I, [2014-03-16T08:27:39.149317 #51969]  INFO -- : 0:  railties (4.0.4) from /usr/local/rvm/gems/ruby-2.1.0@railsgirls/specifications/railties-4.0.4.gemspec
I, [2014-03-16T08:27:39.857275 #51969]  INFO -- : 0:  coffee-rails (4.0.1) from /usr/local/rvm/gems/ruby-2.1.0@railsgirls/specifications/coffee-rails-4.0.1.gemspec
I, [2014-03-16T08:27:39.857531 #51969]  INFO -- : 0:  hike (1.2.3) from /usr/local/rvm/gems/ruby-2.1.0@railsgirls/specifications/hike-1.2.3.gemspec
I, [2014-03-16T08:27:40.599054 #51969]  INFO -- : 0:  jbuilder (1.5.3) from /usr/local/rvm/gems/ruby-2.1.0@railsgirls/specifications/jbuilder-1.5.3.gemspec
I, [2014-03-16T08:27:41.833733 #51969]  INFO -- : 0:  jquery-rails (3.1.0) from /usr/local/rvm/gems/ruby-2.1.0@railsgirls/specifications/jquery-rails-3.1.0.gemspec
I, [2014-03-16T08:27:41.833996 #51969]  INFO -- : 0:  json (1.8.1) from /usr/local/rvm/rubies/ruby-2.1.0/lib/ruby/gems/2.1.0/specifications/default/json-1.8.1.gemspec
I, [2014-03-16T08:27:41.834194 #51969]  INFO -- : 0:  tilt (1.4.1) from /usr/local/rvm/gems/ruby-2.1.0@railsgirls/specifications/tilt-1.4.1.gemspec
I, [2014-03-16T08:27:42.619702 #51969]  INFO -- : 0:  sprockets (2.11.0) from /usr/local/rvm/gems/ruby-2.1.0@railsgirls/specifications/sprockets-2.11.0.gemspec
I, [2014-03-16T08:27:42.619983 #51969]  INFO -- : 0:  sprockets-rails (2.0.1) from /usr/local/rvm/gems/ruby-2.1.0@railsgirls/specifications/sprockets-rails-2.0.1.gemspec
I, [2014-03-16T08:27:42.620190 #51969]  INFO -- : 0:  rails (4.0.4) from /usr/local/rvm/gems/ruby-2.1.0@railsgirls/specifications/rails-4.0.4.gemspec
I, [2014-03-16T08:27:44.574433 #51969]  INFO -- : 0:  rdoc (4.1.1) from /usr/local/rvm/gems/ruby-2.1.0@railsgirls/specifications/rdoc-4.1.1.gemspec
I, [2014-03-16T08:27:45.977492 #51969]  INFO -- : 0:  sass (3.2.15) from /usr/local/rvm/gems/ruby-2.1.0@railsgirls/specifications/sass-3.2.15.gemspec
I, [2014-03-16T08:27:46.781963 #51969]  INFO -- : 0:  sass-rails (4.0.2) from /usr/local/rvm/gems/ruby-2.1.0@railsgirls/specifications/sass-rails-4.0.2.gemspec
I, [2014-03-16T08:27:48.132450 #51969]  INFO -- : 0:  sdoc (0.4.0) from /usr/local/rvm/gems/ruby-2.1.0@railsgirls/specifications/sdoc-0.4.0.gemspec
I, [2014-03-16T08:27:50.527189 #51969]  INFO -- : 0:  sqlite3 (1.3.9) from /usr/local/rvm/gems/ruby-2.1.0@railsgirls/specifications/sqlite3-1.3.9.gemspec
I, [2014-03-16T08:27:51.281755 #51969]  INFO -- : 0:  turbolinks (2.2.1) from /usr/local/rvm/gems/ruby-2.1.0@railsgirls/specifications/turbolinks-2.2.1.gemspec
I, [2014-03-16T08:27:52.238194 #51969]  INFO -- : 0:  uglifier (2.5.0) from /usr/local/rvm/gems/ruby-2.1.0@railsgirls/specifications/uglifier-2.5.0.gemspec
I, [2014-03-16T08:28:04.732476 #52148]  INFO -- : 0:  rake (10.1.1) from /usr/local/rvm/gems/ruby-2.1.0@railsgirls/specifications/rake-10.1.1.gemspec
I, [2014-03-16T08:28:04.732771 #52148]  INFO -- : 0:  i18n (0.6.9) from /usr/local/rvm/gems/ruby-2.1.0@railsgirls/specifications/i18n-0.6.9.gemspec
I, [2014-03-16T08:28:04.732978 #52148]  INFO -- : 0:  minitest (4.7.5) from /usr/local/rvm/rubies/ruby-2.1.0/lib/ruby/gems/2.1.0/specifications/default/minitest-4.7.5.gemspec
I, [2014-03-16T08:28:04.733181 #52148]  INFO -- : 0:  multi_json (1.9.0) from /usr/local/rvm/gems/ruby-2.1.0@railsgirls/specifications/multi_json-1.9.0.gemspec
I, [2014-03-16T08:28:04.733380 #52148]  INFO -- : 0:  atomic (1.1.15) from /usr/local/rvm/gems/ruby-2.1.0@railsgirls/specifications/atomic-1.1.15.gemspec
I, [2014-03-16T08:28:04.733577 #52148]  INFO -- : 0:  thread_safe (0.2.0) from /usr/local/rvm/gems/ruby-2.1.0@railsgirls/specifications/thread_safe-0.2.0.gemspec
I, [2014-03-16T08:28:04.733819 #52148]  INFO -- : 0:  tzinfo (0.3.39) from /usr/local/rvm/gems/ruby-2.1.0@railsgirls/specifications/tzinfo-0.3.39.gemspec
I, [2014-03-16T08:28:04.734017 #52148]  INFO -- : 0:  activesupport (4.0.4) from /usr/local/rvm/gems/ruby-2.1.0@railsgirls/specifications/activesupport-4.0.4.gemspec
I, [2014-03-16T08:28:04.734226 #52148]  INFO -- : 0:  builder (3.1.4) from /usr/local/rvm/gems/ruby-2.1.0@railsgirls/specifications/builder-3.1.4.gemspec
I, [2014-03-16T08:28:04.734424 #52148]  INFO -- : 0:  erubis (2.7.0) from /usr/local/rvm/gems/ruby-2.1.0@railsgirls/specifications/erubis-2.7.0.gemspec
I, [2014-03-16T08:28:04.734620 #52148]  INFO -- : 0:  rack (1.5.2) from /usr/local/rvm/gems/ruby-2.1.0@railsgirls/specifications/rack-1.5.2.gemspec
I, [2014-03-16T08:28:04.734816 #52148]  INFO -- : 0:  rack-test (0.6.2) from /usr/local/rvm/gems/ruby-2.1.0@railsgirls/specifications/rack-test-0.6.2.gemspec
I, [2014-03-16T08:28:04.735013 #52148]  INFO -- : 0:  actionpack (4.0.4) from /usr/local/rvm/gems/ruby-2.1.0@railsgirls/specifications/actionpack-4.0.4.gemspec
I, [2014-03-16T08:28:04.735208 #52148]  INFO -- : 0:  mime-types (1.25.1) from /usr/local/rvm/gems/ruby-2.1.0@railsgirls/specifications/mime-types-1.25.1.gemspec
I, [2014-03-16T08:28:04.735386 #52148]  INFO -- : 0:  polyglot (0.3.4) from /usr/local/rvm/gems/ruby-2.1.0@railsgirls/specifications/polyglot-0.3.4.gemspec
I, [2014-03-16T08:28:04.735553 #52148]  INFO -- : 0:  treetop (1.4.15) from /usr/local/rvm/gems/ruby-2.1.0@railsgirls/specifications/treetop-1.4.15.gemspec
I, [2014-03-16T08:28:04.735729 #52148]  INFO -- : 0:  mail (2.5.4) from /usr/local/rvm/gems/ruby-2.1.0@railsgirls/specifications/mail-2.5.4.gemspec
I, [2014-03-16T08:28:04.735905 #52148]  INFO -- : 0:  actionmailer (4.0.4) from /usr/local/rvm/gems/ruby-2.1.0@railsgirls/specifications/actionmailer-4.0.4.gemspec
I, [2014-03-16T08:28:04.736082 #52148]  INFO -- : 0:  activemodel (4.0.4) from /usr/local/rvm/gems/ruby-2.1.0@railsgirls/specifications/activemodel-4.0.4.gemspec
I, [2014-03-16T08:28:04.736261 #52148]  INFO -- : 0:  activerecord-deprecated_finders (1.0.3) from /usr/local/rvm/gems/ruby-2.1.0@railsgirls/specifications/activerecord-deprecated_finders-1.0.3.gemspec
I, [2014-03-16T08:28:04.736434 #52148]  INFO -- : 0:  arel (4.0.2) from /usr/local/rvm/gems/ruby-2.1.0@railsgirls/specifications/arel-4.0.2.gemspec
I, [2014-03-16T08:28:04.736621 #52148]  INFO -- : 0:  activerecord (4.0.4) from /usr/local/rvm/gems/ruby-2.1.0@railsgirls/specifications/activerecord-4.0.4.gemspec
I, [2014-03-16T08:28:04.736825 #52148]  INFO -- : 0:  coffee-script-source (1.7.0) from /usr/local/rvm/gems/ruby-2.1.0@railsgirls/specifications/coffee-script-source-1.7.0.gemspec
I, [2014-03-16T08:28:04.737003 #52148]  INFO -- : 0:  execjs (2.0.2) from /usr/local/rvm/gems/ruby-2.1.0@railsgirls/specifications/execjs-2.0.2.gemspec
I, [2014-03-16T08:28:04.737180 #52148]  INFO -- : 0:  coffee-script (2.2.0) from /usr/local/rvm/gems/ruby-2.1.0@railsgirls/specifications/coffee-script-2.2.0.gemspec
I, [2014-03-16T08:28:04.737357 #52148]  INFO -- : 0:  thor (0.18.1) from /usr/local/rvm/gems/ruby-2.1.0@railsgirls/specifications/thor-0.18.1.gemspec
I, [2014-03-16T08:28:04.737533 #52148]  INFO -- : 0:  railties (4.0.4) from /usr/local/rvm/gems/ruby-2.1.0@railsgirls/specifications/railties-4.0.4.gemspec
I, [2014-03-16T08:28:04.737710 #52148]  INFO -- : 0:  coffee-rails (4.0.1) from /usr/local/rvm/gems/ruby-2.1.0@railsgirls/specifications/coffee-rails-4.0.1.gemspec
I, [2014-03-16T08:28:04.737886 #52148]  INFO -- : 0:  hike (1.2.3) from /usr/local/rvm/gems/ruby-2.1.0@railsgirls/specifications/hike-1.2.3.gemspec
I, [2014-03-16T08:28:04.738063 #52148]  INFO -- : 0:  jbuilder (1.5.3) from /usr/local/rvm/gems/ruby-2.1.0@railsgirls/specifications/jbuilder-1.5.3.gemspec
I, [2014-03-16T08:28:04.738240 #52148]  INFO -- : 0:  jquery-rails (3.1.0) from /usr/local/rvm/gems/ruby-2.1.0@railsgirls/specifications/jquery-rails-3.1.0.gemspec
I, [2014-03-16T08:28:04.738403 #52148]  INFO -- : 0:  json (1.8.1) from /usr/local/rvm/rubies/ruby-2.1.0/lib/ruby/gems/2.1.0/specifications/default/json-1.8.1.gemspec
I, [2014-03-16T08:28:04.738552 #52148]  INFO -- : 0:  bundler (1.5.1) from /usr/local/rvm/gems/ruby-2.1.0@global/specifications/bundler-1.5.1.gemspec
I, [2014-03-16T08:28:04.738716 #52148]  INFO -- : 0:  tilt (1.4.1) from /usr/local/rvm/gems/ruby-2.1.0@railsgirls/specifications/tilt-1.4.1.gemspec
I, [2014-03-16T08:28:04.738896 #52148]  INFO -- : 0:  sprockets (2.11.0) from /usr/local/rvm/gems/ruby-2.1.0@railsgirls/specifications/sprockets-2.11.0.gemspec
I, [2014-03-16T08:28:04.739082 #52148]  INFO -- : 0:  sprockets-rails (2.0.1) from /usr/local/rvm/gems/ruby-2.1.0@railsgirls/specifications/sprockets-rails-2.0.1.gemspec
I, [2014-03-16T08:28:04.739243 #52148]  INFO -- : 0:  rails (4.0.4) from /usr/local/rvm/gems/ruby-2.1.0@railsgirls/specifications/rails-4.0.4.gemspec
I, [2014-03-16T08:28:04.739405 #52148]  INFO -- : 0:  rdoc (4.1.1) from /usr/local/rvm/gems/ruby-2.1.0@railsgirls/specifications/rdoc-4.1.1.gemspec
I, [2014-03-16T08:28:04.739564 #52148]  INFO -- : 0:  sass (3.2.15) from /usr/local/rvm/gems/ruby-2.1.0@railsgirls/specifications/sass-3.2.15.gemspec
I, [2014-03-16T08:28:04.739725 #52148]  INFO -- : 0:  sass-rails (4.0.2) from /usr/local/rvm/gems/ruby-2.1.0@railsgirls/specifications/sass-rails-4.0.2.gemspec
I, [2014-03-16T08:28:04.739884 #52148]  INFO -- : 0:  sdoc (0.4.0) from /usr/local/rvm/gems/ruby-2.1.0@railsgirls/specifications/sdoc-0.4.0.gemspec
I, [2014-03-16T08:28:04.740042 #52148]  INFO -- : 0:  sqlite3 (1.3.9) from /usr/local/rvm/gems/ruby-2.1.0@railsgirls/specifications/sqlite3-1.3.9.gemspec
I, [2014-03-16T08:28:04.740198 #52148]  INFO -- : 0:  turbolinks (2.2.1) from /usr/local/rvm/gems/ruby-2.1.0@railsgirls/specifications/turbolinks-2.2.1.gemspec
I, [2014-03-16T08:28:04.740356 #52148]  INFO -- : 0:  uglifier (2.5.0) from /usr/local/rvm/gems/ruby-2.1.0@railsgirls/specifications/uglifier-2.5.0.gemspec
I, [2014-03-16T08:28:11.711989 #52154]  INFO -- : 0:  rake (10.1.1) from /usr/local/rvm/gems/ruby-2.1.0@railsgirls/specifications/rake-10.1.1.gemspec
I, [2014-03-16T08:28:11.714999 #52154]  INFO -- : 0:  i18n (0.6.9) from /usr/local/rvm/gems/ruby-2.1.0@railsgirls/specifications/i18n-0.6.9.gemspec
I, [2014-03-16T08:28:11.715692 #52154]  INFO -- : 0:  minitest (4.7.5) from /usr/local/rvm/rubies/ruby-2.1.0/lib/ruby/gems/2.1.0/specifications/default/minitest-4.7.5.gemspec
I, [2014-03-16T08:28:11.716367 #52154]  INFO -- : 0:  multi_json (1.9.0) from /usr/local/rvm/gems/ruby-2.1.0@railsgirls/specifications/multi_json-1.9.0.gemspec
I, [2014-03-16T08:28:11.717045 #52154]  INFO -- : 0:  atomic (1.1.15) from /usr/local/rvm/gems/ruby-2.1.0@railsgirls/specifications/atomic-1.1.15.gemspec
I, [2014-03-16T08:28:11.717685 #52154]  INFO -- : 0:  thread_safe (0.2.0) from /usr/local/rvm/gems/ruby-2.1.0@railsgirls/specifications/thread_safe-0.2.0.gemspec
I, [2014-03-16T08:28:11.718342 #52154]  INFO -- : 0:  tzinfo (0.3.39) from /usr/local/rvm/gems/ruby-2.1.0@railsgirls/specifications/tzinfo-0.3.39.gemspec
I, [2014-03-16T08:28:11.718984 #52154]  INFO -- : 0:  activesupport (4.0.4) from /usr/local/rvm/gems/ruby-2.1.0@railsgirls/specifications/activesupport-4.0.4.gemspec
I, [2014-03-16T08:28:11.719584 #52154]  INFO -- : 0:  builder (3.1.4) from /usr/local/rvm/gems/ruby-2.1.0@railsgirls/specifications/builder-3.1.4.gemspec
I, [2014-03-16T08:28:11.720247 #52154]  INFO -- : 0:  erubis (2.7.0) from /usr/local/rvm/gems/ruby-2.1.0@railsgirls/specifications/erubis-2.7.0.gemspec
I, [2014-03-16T08:28:11.720889 #52154]  INFO -- : 0:  rack (1.5.2) from /usr/local/rvm/gems/ruby-2.1.0@railsgirls/specifications/rack-1.5.2.gemspec
I, [2014-03-16T08:28:11.721515 #52154]  INFO -- : 0:  rack-test (0.6.2) from /usr/local/rvm/gems/ruby-2.1.0@railsgirls/specifications/rack-test-0.6.2.gemspec
I, [2014-03-16T08:28:11.722211 #52154]  INFO -- : 0:  actionpack (4.0.4) from /usr/local/rvm/gems/ruby-2.1.0@railsgirls/specifications/actionpack-4.0.4.gemspec
I, [2014-03-16T08:28:11.722893 #52154]  INFO -- : 0:  mime-types (1.25.1) from /usr/local/rvm/gems/ruby-2.1.0@railsgirls/specifications/mime-types-1.25.1.gemspec
I, [2014-03-16T08:28:11.723544 #52154]  INFO -- : 0:  polyglot (0.3.4) from /usr/local/rvm/gems/ruby-2.1.0@railsgirls/specifications/polyglot-0.3.4.gemspec
I, [2014-03-16T08:28:11.724208 #52154]  INFO -- : 0:  treetop (1.4.15) from /usr/local/rvm/gems/ruby-2.1.0@railsgirls/specifications/treetop-1.4.15.gemspec
I, [2014-03-16T08:28:11.724890 #52154]  INFO -- : 0:  mail (2.5.4) from /usr/local/rvm/gems/ruby-2.1.0@railsgirls/specifications/mail-2.5.4.gemspec
I, [2014-03-16T08:28:11.725596 #52154]  INFO -- : 0:  actionmailer (4.0.4) from /usr/local/rvm/gems/ruby-2.1.0@railsgirls/specifications/actionmailer-4.0.4.gemspec
I, [2014-03-16T08:28:11.726376 #52154]  INFO -- : 0:  activemodel (4.0.4) from /usr/local/rvm/gems/ruby-2.1.0@railsgirls/specifications/activemodel-4.0.4.gemspec
I, [2014-03-16T08:28:11.727259 #52154]  INFO -- : 0:  activerecord-deprecated_finders (1.0.3) from /usr/local/rvm/gems/ruby-2.1.0@railsgirls/specifications/activerecord-deprecated_finders-1.0.3.gemspec
I, [2014-03-16T08:28:11.728193 #52154]  INFO -- : 0:  arel (4.0.2) from /usr/local/rvm/gems/ruby-2.1.0@railsgirls/specifications/arel-4.0.2.gemspec
I, [2014-03-16T08:28:11.729000 #52154]  INFO -- : 0:  activerecord (4.0.4) from /usr/local/rvm/gems/ruby-2.1.0@railsgirls/specifications/activerecord-4.0.4.gemspec
I, [2014-03-16T08:28:11.729688 #52154]  INFO -- : 0:  coffee-script-source (1.7.0) from /usr/local/rvm/gems/ruby-2.1.0@railsgirls/specifications/coffee-script-source-1.7.0.gemspec
I, [2014-03-16T08:28:11.730357 #52154]  INFO -- : 0:  execjs (2.0.2) from /usr/local/rvm/gems/ruby-2.1.0@railsgirls/specifications/execjs-2.0.2.gemspec
I, [2014-03-16T08:28:11.731020 #52154]  INFO -- : 0:  coffee-script (2.2.0) from /usr/local/rvm/gems/ruby-2.1.0@railsgirls/specifications/coffee-script-2.2.0.gemspec
I, [2014-03-16T08:28:11.731643 #52154]  INFO -- : 0:  thor (0.18.1) from /usr/local/rvm/gems/ruby-2.1.0@railsgirls/specifications/thor-0.18.1.gemspec
I, [2014-03-16T08:28:11.732278 #52154]  INFO -- : 0:  railties (4.0.4) from /usr/local/rvm/gems/ruby-2.1.0@railsgirls/specifications/railties-4.0.4.gemspec
I, [2014-03-16T08:28:11.732929 #52154]  INFO -- : 0:  coffee-rails (4.0.1) from /usr/local/rvm/gems/ruby-2.1.0@railsgirls/specifications/coffee-rails-4.0.1.gemspec
I, [2014-03-16T08:28:11.733578 #52154]  INFO -- : 0:  hike (1.2.3) from /usr/local/rvm/gems/ruby-2.1.0@railsgirls/specifications/hike-1.2.3.gemspec
I, [2014-03-16T08:28:11.734213 #52154]  INFO -- : 0:  jbuilder (1.5.3) from /usr/local/rvm/gems/ruby-2.1.0@railsgirls/specifications/jbuilder-1.5.3.gemspec
I, [2014-03-16T08:28:11.734873 #52154]  INFO -- : 0:  jquery-rails (3.1.0) from /usr/local/rvm/gems/ruby-2.1.0@railsgirls/specifications/jquery-rails-3.1.0.gemspec
I, [2014-03-16T08:28:11.735505 #52154]  INFO -- : 0:  json (1.8.1) from /usr/local/rvm/rubies/ruby-2.1.0/lib/ruby/gems/2.1.0/specifications/default/json-1.8.1.gemspec
I, [2014-03-16T08:28:11.736160 #52154]  INFO -- : 0:  bundler (1.5.1) from /usr/local/rvm/gems/ruby-2.1.0@global/specifications/bundler-1.5.1.gemspec
I, [2014-03-16T08:28:11.736847 #52154]  INFO -- : 0:  tilt (1.4.1) from /usr/local/rvm/gems/ruby-2.1.0@railsgirls/specifications/tilt-1.4.1.gemspec
I, [2014-03-16T08:28:11.737578 #52154]  INFO -- : 0:  sprockets (2.11.0) from /usr/local/rvm/gems/ruby-2.1.0@railsgirls/specifications/sprockets-2.11.0.gemspec
I, [2014-03-16T08:28:11.738270 #52154]  INFO -- : 0:  sprockets-rails (2.0.1) from /usr/local/rvm/gems/ruby-2.1.0@railsgirls/specifications/sprockets-rails-2.0.1.gemspec
I, [2014-03-16T08:28:11.739073 #52154]  INFO -- : 0:  rails (4.0.4) from /usr/local/rvm/gems/ruby-2.1.0@railsgirls/specifications/rails-4.0.4.gemspec
I, [2014-03-16T08:28:11.739887 #52154]  INFO -- : 0:  rdoc (4.1.1) from /usr/local/rvm/gems/ruby-2.1.0@railsgirls/specifications/rdoc-4.1.1.gemspec
I, [2014-03-16T08:28:11.740533 #52154]  INFO -- : 0:  sass (3.2.15) from /usr/local/rvm/gems/ruby-2.1.0@railsgirls/specifications/sass-3.2.15.gemspec
I, [2014-03-16T08:28:11.741223 #52154]  INFO -- : 0:  sass-rails (4.0.2) from /usr/local/rvm/gems/ruby-2.1.0@railsgirls/specifications/sass-rails-4.0.2.gemspec
I, [2014-03-16T08:28:11.741854 #52154]  INFO -- : 0:  sdoc (0.4.0) from /usr/local/rvm/gems/ruby-2.1.0@railsgirls/specifications/sdoc-0.4.0.gemspec
I, [2014-03-16T08:28:11.742479 #52154]  INFO -- : 0:  sqlite3 (1.3.9) from /usr/local/rvm/gems/ruby-2.1.0@railsgirls/specifications/sqlite3-1.3.9.gemspec
I, [2014-03-16T08:28:11.743122 #52154]  INFO -- : 0:  turbolinks (2.2.1) from /usr/local/rvm/gems/ruby-2.1.0@railsgirls/specifications/turbolinks-2.2.1.gemspec
I, [2014-03-16T08:28:11.743912 #52154]  INFO -- : 0:  uglifier (2.5.0) from /usr/local/rvm/gems/ruby-2.1.0@railsgirls/specifications/uglifier-2.5.0.gemspec
I, [2014-03-16T08:29:05.523153 #52202]  INFO -- : 0:  rake (10.1.1) from /usr/local/rvm/gems/ruby-2.1.0@railsgirls/specifications/rake-10.1.1.gemspec
I, [2014-03-16T08:29:05.524134 #52202]  INFO -- : 0:  i18n (0.6.9) from /usr/local/rvm/gems/ruby-2.1.0@railsgirls/specifications/i18n-0.6.9.gemspec
I, [2014-03-16T08:29:05.524326 #52202]  INFO -- : 0:  minitest (4.7.5) from /usr/local/rvm/rubies/ruby-2.1.0/lib/ruby/gems/2.1.0/specifications/default/minitest-4.7.5.gemspec
I, [2014-03-16T08:29:05.524513 #52202]  INFO -- : 0:  multi_json (1.9.0) from /usr/local/rvm/gems/ruby-2.1.0@railsgirls/specifications/multi_json-1.9.0.gemspec
I, [2014-03-16T08:29:05.524690 #52202]  INFO -- : 0:  atomic (1.1.15) from /usr/local/rvm/gems/ruby-2.1.0@railsgirls/specifications/atomic-1.1.15.gemspec
I, [2014-03-16T08:29:05.524907 #52202]  INFO -- : 0:  thread_safe (0.2.0) from /usr/local/rvm/gems/ruby-2.1.0@railsgirls/specifications/thread_safe-0.2.0.gemspec
I, [2014-03-16T08:29:05.525128 #52202]  INFO -- : 0:  tzinfo (0.3.39) from /usr/local/rvm/gems/ruby-2.1.0@railsgirls/specifications/tzinfo-0.3.39.gemspec
I, [2014-03-16T08:29:05.525325 #52202]  INFO -- : 0:  activesupport (4.0.4) from /usr/local/rvm/gems/ruby-2.1.0@railsgirls/specifications/activesupport-4.0.4.gemspec
I, [2014-03-16T08:29:05.525524 #52202]  INFO -- : 0:  builder (3.1.4) from /usr/local/rvm/gems/ruby-2.1.0@railsgirls/specifications/builder-3.1.4.gemspec
I, [2014-03-16T08:29:05.525722 #52202]  INFO -- : 0:  erubis (2.7.0) from /usr/local/rvm/gems/ruby-2.1.0@railsgirls/specifications/erubis-2.7.0.gemspec
I, [2014-03-16T08:29:05.525933 #52202]  INFO -- : 0:  rack (1.5.2) from /usr/local/rvm/gems/ruby-2.1.0@railsgirls/specifications/rack-1.5.2.gemspec
I, [2014-03-16T08:29:05.526113 #52202]  INFO -- : 0:  rack-test (0.6.2) from /usr/local/rvm/gems/ruby-2.1.0@railsgirls/specifications/rack-test-0.6.2.gemspec
I, [2014-03-16T08:29:05.526295 #52202]  INFO -- : 0:  actionpack (4.0.4) from /usr/local/rvm/gems/ruby-2.1.0@railsgirls/specifications/actionpack-4.0.4.gemspec
I, [2014-03-16T08:29:05.526485 #52202]  INFO -- : 0:  mime-types (1.25.1) from /usr/local/rvm/gems/ruby-2.1.0@railsgirls/specifications/mime-types-1.25.1.gemspec
I, [2014-03-16T08:29:05.526648 #52202]  INFO -- : 0:  polyglot (0.3.4) from /usr/local/rvm/gems/ruby-2.1.0@railsgirls/specifications/polyglot-0.3.4.gemspec
I, [2014-03-16T08:29:05.526811 #52202]  INFO -- : 0:  treetop (1.4.15) from /usr/local/rvm/gems/ruby-2.1.0@railsgirls/specifications/treetop-1.4.15.gemspec
I, [2014-03-16T08:29:05.526973 #52202]  INFO -- : 0:  mail (2.5.4) from /usr/local/rvm/gems/ruby-2.1.0@railsgirls/specifications/mail-2.5.4.gemspec
I, [2014-03-16T08:29:05.527135 #52202]  INFO -- : 0:  actionmailer (4.0.4) from /usr/local/rvm/gems/ruby-2.1.0@railsgirls/specifications/actionmailer-4.0.4.gemspec
I, [2014-03-16T08:29:05.527299 #52202]  INFO -- : 0:  activemodel (4.0.4) from /usr/local/rvm/gems/ruby-2.1.0@railsgirls/specifications/activemodel-4.0.4.gemspec
I, [2014-03-16T08:29:05.527464 #52202]  INFO -- : 0:  activerecord-deprecated_finders (1.0.3) from /usr/local/rvm/gems/ruby-2.1.0@railsgirls/specifications/activerecord-deprecated_finders-1.0.3.gemspec
I, [2014-03-16T08:29:05.527633 #52202]  INFO -- : 0:  arel (4.0.2) from /usr/local/rvm/gems/ruby-2.1.0@railsgirls/specifications/arel-4.0.2.gemspec
I, [2014-03-16T08:29:05.527798 #52202]  INFO -- : 0:  activerecord (4.0.4) from /usr/local/rvm/gems/ruby-2.1.0@railsgirls/specifications/activerecord-4.0.4.gemspec
I, [2014-03-16T08:29:05.527962 #52202]  INFO -- : 0:  coffee-script-source (1.7.0) from /usr/local/rvm/gems/ruby-2.1.0@railsgirls/specifications/coffee-script-source-1.7.0.gemspec
I, [2014-03-16T08:29:05.528182 #52202]  INFO -- : 0:  execjs (2.0.2) from /usr/local/rvm/gems/ruby-2.1.0@railsgirls/specifications/execjs-2.0.2.gemspec
I, [2014-03-16T08:29:05.528351 #52202]  INFO -- : 0:  coffee-script (2.2.0) from /usr/local/rvm/gems/ruby-2.1.0@railsgirls/specifications/coffee-script-2.2.0.gemspec
I, [2014-03-16T08:29:05.528516 #52202]  INFO -- : 0:  thor (0.18.1) from /usr/local/rvm/gems/ruby-2.1.0@railsgirls/specifications/thor-0.18.1.gemspec
I, [2014-03-16T08:29:05.528677 #52202]  INFO -- : 0:  railties (4.0.4) from /usr/local/rvm/gems/ruby-2.1.0@railsgirls/specifications/railties-4.0.4.gemspec
I, [2014-03-16T08:29:05.528845 #52202]  INFO -- : 0:  coffee-rails (4.0.1) from /usr/local/rvm/gems/ruby-2.1.0@railsgirls/specifications/coffee-rails-4.0.1.gemspec
I, [2014-03-16T08:29:05.529008 #52202]  INFO -- : 0:  hike (1.2.3) from /usr/local/rvm/gems/ruby-2.1.0@railsgirls/specifications/hike-1.2.3.gemspec
I, [2014-03-16T08:29:05.529168 #52202]  INFO -- : 0:  jbuilder (1.5.3) from /usr/local/rvm/gems/ruby-2.1.0@railsgirls/specifications/jbuilder-1.5.3.gemspec
I, [2014-03-16T08:29:05.529329 #52202]  INFO -- : 0:  jquery-rails (3.1.0) from /usr/local/rvm/gems/ruby-2.1.0@railsgirls/specifications/jquery-rails-3.1.0.gemspec
I, [2014-03-16T08:29:05.529492 #52202]  INFO -- : 0:  json (1.8.1) from /usr/local/rvm/rubies/ruby-2.1.0/lib/ruby/gems/2.1.0/specifications/default/json-1.8.1.gemspec
I, [2014-03-16T08:29:05.529651 #52202]  INFO -- : 0:  bundler (1.5.1) from /usr/local/rvm/gems/ruby-2.1.0@global/specifications/bundler-1.5.1.gemspec
I, [2014-03-16T08:29:05.529813 #52202]  INFO -- : 0:  tilt (1.4.1) from /usr/local/rvm/gems/ruby-2.1.0@railsgirls/specifications/tilt-1.4.1.gemspec
I, [2014-03-16T08:29:05.529986 #52202]  INFO -- : 0:  sprockets (2.11.0) from /usr/local/rvm/gems/ruby-2.1.0@railsgirls/specifications/sprockets-2.11.0.gemspec
I, [2014-03-16T08:29:05.530154 #52202]  INFO -- : 0:  sprockets-rails (2.0.1) from /usr/local/rvm/gems/ruby-2.1.0@railsgirls/specifications/sprockets-rails-2.0.1.gemspec
I, [2014-03-16T08:29:05.530319 #52202]  INFO -- : 0:  rails (4.0.4) from /usr/local/rvm/gems/ruby-2.1.0@railsgirls/specifications/rails-4.0.4.gemspec
I, [2014-03-16T08:29:05.530483 #52202]  INFO -- : 0:  rdoc (4.1.1) from /usr/local/rvm/gems/ruby-2.1.0@railsgirls/specifications/rdoc-4.1.1.gemspec
I, [2014-03-16T08:29:05.530642 #52202]  INFO -- : 0:  sass (3.2.15) from /usr/local/rvm/gems/ruby-2.1.0@railsgirls/specifications/sass-3.2.15.gemspec
I, [2014-03-16T08:29:05.530804 #52202]  INFO -- : 0:  sass-rails (4.0.2) from /usr/local/rvm/gems/ruby-2.1.0@railsgirls/specifications/sass-rails-4.0.2.gemspec
I, [2014-03-16T08:29:05.530963 #52202]  INFO -- : 0:  sdoc (0.4.0) from /usr/local/rvm/gems/ruby-2.1.0@railsgirls/specifications/sdoc-0.4.0.gemspec
I, [2014-03-16T08:29:05.531124 #52202]  INFO -- : 0:  sqlite3 (1.3.9) from /usr/local/rvm/gems/ruby-2.1.0@railsgirls/specifications/sqlite3-1.3.9.gemspec
I, [2014-03-16T08:29:05.531288 #52202]  INFO -- : 0:  turbolinks (2.2.1) from /usr/local/rvm/gems/ruby-2.1.0@railsgirls/specifications/turbolinks-2.2.1.gemspec
I, [2014-03-16T08:29:05.531451 #52202]  INFO -- : 0:  uglifier (2.5.0) from /usr/local/rvm/gems/ruby-2.1.0@railsgirls/specifications/uglifier-2.5.0.gemspec
I, [2014-03-16T08:29:12.897857 #52210]  INFO -- : 0:  rake (10.1.1) from /usr/local/rvm/gems/ruby-2.1.0@railsgirls/specifications/rake-10.1.1.gemspec
I, [2014-03-16T08:29:12.898121 #52210]  INFO -- : 0:  i18n (0.6.9) from /usr/local/rvm/gems/ruby-2.1.0@railsgirls/specifications/i18n-0.6.9.gemspec
I, [2014-03-16T08:29:12.898287 #52210]  INFO -- : 0:  minitest (4.7.5) from /usr/local/rvm/rubies/ruby-2.1.0/lib/ruby/gems/2.1.0/specifications/default/minitest-4.7.5.gemspec
I, [2014-03-16T08:29:12.898455 #52210]  INFO -- : 0:  multi_json (1.9.0) from /usr/local/rvm/gems/ruby-2.1.0@railsgirls/specifications/multi_json-1.9.0.gemspec
I, [2014-03-16T08:29:12.898621 #52210]  INFO -- : 0:  atomic (1.1.15) from /usr/local/rvm/gems/ruby-2.1.0@railsgirls/specifications/atomic-1.1.15.gemspec
I, [2014-03-16T08:29:12.898800 #52210]  INFO -- : 0:  thread_safe (0.2.0) from /usr/local/rvm/gems/ruby-2.1.0@railsgirls/specifications/thread_safe-0.2.0.gemspec
I, [2014-03-16T08:29:12.898964 #52210]  INFO -- : 0:  tzinfo (0.3.39) from /usr/local/rvm/gems/ruby-2.1.0@railsgirls/specifications/tzinfo-0.3.39.gemspec
I, [2014-03-16T08:29:12.899132 #52210]  INFO -- : 0:  activesupport (4.0.4) from /usr/local/rvm/gems/ruby-2.1.0@railsgirls/specifications/activesupport-4.0.4.gemspec
I, [2014-03-16T08:29:12.899377 #52210]  INFO -- : 0:  builder (3.1.4) from /usr/local/rvm/gems/ruby-2.1.0@railsgirls/specifications/builder-3.1.4.gemspec
I, [2014-03-16T08:29:12.899565 #52210]  INFO -- : 0:  erubis (2.7.0) from /usr/local/rvm/gems/ruby-2.1.0@railsgirls/specifications/erubis-2.7.0.gemspec
I, [2014-03-16T08:29:12.899761 #52210]  INFO -- : 0:  rack (1.5.2) from /usr/local/rvm/gems/ruby-2.1.0@railsgirls/specifications/rack-1.5.2.gemspec
I, [2014-03-16T08:29:12.899954 #52210]  INFO -- : 0:  rack-test (0.6.2) from /usr/local/rvm/gems/ruby-2.1.0@railsgirls/specifications/rack-test-0.6.2.gemspec
I, [2014-03-16T08:29:12.900149 #52210]  INFO -- : 0:  actionpack (4.0.4) from /usr/local/rvm/gems/ruby-2.1.0@railsgirls/specifications/actionpack-4.0.4.gemspec
I, [2014-03-16T08:29:12.900343 #52210]  INFO -- : 0:  mime-types (1.25.1) from /usr/local/rvm/gems/ruby-2.1.0@railsgirls/specifications/mime-types-1.25.1.gemspec
I, [2014-03-16T08:29:12.900534 #52210]  INFO -- : 0:  polyglot (0.3.4) from /usr/local/rvm/gems/ruby-2.1.0@railsgirls/specifications/polyglot-0.3.4.gemspec
I, [2014-03-16T08:29:12.900728 #52210]  INFO -- : 0:  treetop (1.4.15) from /usr/local/rvm/gems/ruby-2.1.0@railsgirls/specifications/treetop-1.4.15.gemspec
I, [2014-03-16T08:29:12.900943 #52210]  INFO -- : 0:  mail (2.5.4) from /usr/local/rvm/gems/ruby-2.1.0@railsgirls/specifications/mail-2.5.4.gemspec
I, [2014-03-16T08:29:12.901135 #52210]  INFO -- : 0:  actionmailer (4.0.4) from /usr/local/rvm/gems/ruby-2.1.0@railsgirls/specifications/actionmailer-4.0.4.gemspec
I, [2014-03-16T08:29:12.901331 #52210]  INFO -- : 0:  activemodel (4.0.4) from /usr/local/rvm/gems/ruby-2.1.0@railsgirls/specifications/activemodel-4.0.4.gemspec
I, [2014-03-16T08:29:12.901527 #52210]  INFO -- : 0:  activerecord-deprecated_finders (1.0.3) from /usr/local/rvm/gems/ruby-2.1.0@railsgirls/specifications/activerecord-deprecated_finders-1.0.3.gemspec
I, [2014-03-16T08:29:12.901721 #52210]  INFO -- : 0:  arel (4.0.2) from /usr/local/rvm/gems/ruby-2.1.0@railsgirls/specifications/arel-4.0.2.gemspec
I, [2014-03-16T08:29:12.901916 #52210]  INFO -- : 0:  activerecord (4.0.4) from /usr/local/rvm/gems/ruby-2.1.0@railsgirls/specifications/activerecord-4.0.4.gemspec
I, [2014-03-16T08:29:12.902113 #52210]  INFO -- : 0:  coffee-script-source (1.7.0) from /usr/local/rvm/gems/ruby-2.1.0@railsgirls/specifications/coffee-script-source-1.7.0.gemspec
I, [2014-03-16T08:29:12.902306 #52210]  INFO -- : 0:  execjs (2.0.2) from /usr/local/rvm/gems/ruby-2.1.0@railsgirls/specifications/execjs-2.0.2.gemspec
I, [2014-03-16T08:29:12.902500 #52210]  INFO -- : 0:  coffee-script (2.2.0) from /usr/local/rvm/gems/ruby-2.1.0@railsgirls/specifications/coffee-script-2.2.0.gemspec
I, [2014-03-16T08:29:12.902692 #52210]  INFO -- : 0:  thor (0.18.1) from /usr/local/rvm/gems/ruby-2.1.0@railsgirls/specifications/thor-0.18.1.gemspec
I, [2014-03-16T08:29:12.902884 #52210]  INFO -- : 0:  railties (4.0.4) from /usr/local/rvm/gems/ruby-2.1.0@railsgirls/specifications/railties-4.0.4.gemspec
I, [2014-03-16T08:29:12.903074 #52210]  INFO -- : 0:  coffee-rails (4.0.1) from /usr/local/rvm/gems/ruby-2.1.0@railsgirls/specifications/coffee-rails-4.0.1.gemspec
I, [2014-03-16T08:29:12.903266 #52210]  INFO -- : 0:  hike (1.2.3) from /usr/local/rvm/gems/ruby-2.1.0@railsgirls/specifications/hike-1.2.3.gemspec
I, [2014-03-16T08:29:12.903459 #52210]  INFO -- : 0:  jbuilder (1.5.3) from /usr/local/rvm/gems/ruby-2.1.0@railsgirls/specifications/jbuilder-1.5.3.gemspec
I, [2014-03-16T08:29:12.903651 #52210]  INFO -- : 0:  jquery-rails (3.1.0) from /usr/local/rvm/gems/ruby-2.1.0@railsgirls/specifications/jquery-rails-3.1.0.gemspec
I, [2014-03-16T08:29:12.903855 #52210]  INFO -- : 0:  json (1.8.1) from /usr/local/rvm/rubies/ruby-2.1.0/lib/ruby/gems/2.1.0/specifications/default/json-1.8.1.gemspec
I, [2014-03-16T08:29:12.904026 #52210]  INFO -- : 0:  bundler (1.5.1) from /usr/local/rvm/gems/ruby-2.1.0@global/specifications/bundler-1.5.1.gemspec
I, [2014-03-16T08:29:12.904202 #52210]  INFO -- : 0:  tilt (1.4.1) from /usr/local/rvm/gems/ruby-2.1.0@railsgirls/specifications/tilt-1.4.1.gemspec
I, [2014-03-16T08:29:12.904385 #52210]  INFO -- : 0:  sprockets (2.11.0) from /usr/local/rvm/gems/ruby-2.1.0@railsgirls/specifications/sprockets-2.11.0.gemspec
I, [2014-03-16T08:29:12.904564 #52210]  INFO -- : 0:  sprockets-rails (2.0.1) from /usr/local/rvm/gems/ruby-2.1.0@railsgirls/specifications/sprockets-rails-2.0.1.gemspec
I, [2014-03-16T08:29:12.904739 #52210]  INFO -- : 0:  rails (4.0.4) from /usr/local/rvm/gems/ruby-2.1.0@railsgirls/specifications/rails-4.0.4.gemspec
I, [2014-03-16T08:29:12.904917 #52210]  INFO -- : 0:  rdoc (4.1.1) from /usr/local/rvm/gems/ruby-2.1.0@railsgirls/specifications/rdoc-4.1.1.gemspec
I, [2014-03-16T08:29:12.905103 #52210]  INFO -- : 0:  sass (3.2.15) from /usr/local/rvm/gems/ruby-2.1.0@railsgirls/specifications/sass-3.2.15.gemspec
I, [2014-03-16T08:29:12.905270 #52210]  INFO -- : 0:  sass-rails (4.0.2) from /usr/local/rvm/gems/ruby-2.1.0@railsgirls/specifications/sass-rails-4.0.2.gemspec
I, [2014-03-16T08:29:12.905445 #52210]  INFO -- : 0:  sdoc (0.4.0) from /usr/local/rvm/gems/ruby-2.1.0@railsgirls/specifications/sdoc-0.4.0.gemspec
I, [2014-03-16T08:29:12.905621 #52210]  INFO -- : 0:  sqlite3 (1.3.9) from /usr/local/rvm/gems/ruby-2.1.0@railsgirls/specifications/sqlite3-1.3.9.gemspec
I, [2014-03-16T08:29:12.905796 #52210]  INFO -- : 0:  turbolinks (2.2.1) from /usr/local/rvm/gems/ruby-2.1.0@railsgirls/specifications/turbolinks-2.2.1.gemspec
I, [2014-03-16T08:29:12.905972 #52210]  INFO -- : 0:  uglifier (2.5.0) from /usr/local/rvm/gems/ruby-2.1.0@railsgirls/specifications/uglifier-2.5.0.gemspec
